0 info it worked if it ends with ok
1 verbose cli [ '/usr/local/bin/node', '/usr/local/bin/npm', 'publish' ]
2 info using npm@4.1.2
3 info using node@v7.4.0
4 verbose publish [ '.' ]
5 silly cache add args [ '.', null ]
6 verbose cache add spec .
7 silly cache add parsed spec Result {
7 silly cache add   raw: '.',
7 silly cache add   scope: null,
7 silly cache add   escapedName: null,
7 silly cache add   name: null,
7 silly cache add   rawSpec: '.',
7 silly cache add   spec: '/InforMediaProjects/InforMedia Help Notes, References and Learning/Web dev. - Dev UI Graphics Animation (CSS, SVG and Canvas)/JD_notes - web animations - svg animation examples/JD_eg07 SVG animated using js GSAP (e) multiinstance webpack npm module/npm module dev',
7 silly cache add   type: 'directory' }
8 verbose addLocalDirectory /Users/joe/.npm/my-fab-svg/0.1.4/package.tgz not in flight; packing
9 verbose correctMkdir /Users/joe/.npm correctMkdir not in flight; initializing
10 info lifecycle my-fab-svg@0.1.4~prepublish: my-fab-svg@0.1.4
11 silly lifecycle my-fab-svg@0.1.4~prepublish: no script for prepublish, continuing
12 info lifecycle my-fab-svg@0.1.4~prepare: my-fab-svg@0.1.4
13 silly lifecycle my-fab-svg@0.1.4~prepare: no script for prepare, continuing
14 verbose tar pack [ '/Users/joe/.npm/my-fab-svg/0.1.4/package.tgz',
14 verbose tar pack   '/InforMediaProjects/InforMedia Help Notes, References and Learning/Web dev. - Dev UI Graphics Animation (CSS, SVG and Canvas)/JD_notes - web animations - svg animation examples/JD_eg07 SVG animated using js GSAP (e) multiinstance webpack npm module/npm module dev' ]
15 verbose tarball /Users/joe/.npm/my-fab-svg/0.1.4/package.tgz
16 verbose folder /InforMediaProjects/InforMedia Help Notes, References and Learning/Web dev. - Dev UI Graphics Animation (CSS, SVG and Canvas)/JD_notes - web animations - svg animation examples/JD_eg07 SVG animated using js GSAP (e) multiinstance webpack npm module/npm module dev
17 verbose addLocalTarball adding from inside cache /Users/joe/.npm/my-fab-svg/0.1.4/package.tgz
18 verbose correctMkdir /Users/joe/.npm correctMkdir not in flight; initializing
19 silly cache afterAdd my-fab-svg@0.1.4
20 verbose afterAdd /Users/joe/.npm/my-fab-svg/0.1.4/package/package.json not in flight; writing
21 verbose correctMkdir /Users/joe/.npm correctMkdir not in flight; initializing
22 verbose afterAdd /Users/joe/.npm/my-fab-svg/0.1.4/package/package.json written
23 silly publish { name: 'my-fab-svg',
23 silly publish   version: '0.1.4',
23 silly publish   description: 'Animatable SVG with JS control API',
23 silly publish   main: 'index.js',
23 silly publish   scripts: { test: 'echo "Error: no test specified" && exit 1' },
23 silly publish   author: { name: 'Jane Dunne' },
23 silly publish   license: 'MIT',
23 silly publish   repository:
23 silly publish    { type: 'git',
23 silly publish      url: 'git+https://github.com/TheDunney/my-fab-svg.git' },
23 silly publish   devDependencies: {},
23 silly publish   dependencies: { gsap: '^2.0.2' },
23 silly publish   readme: 'My Fab SVG animatable via a JS API .\n\n\n```js\nvar theFabSVG = require(\'my-fab-svg\')\nvar firstFabSVGonthepage = theFabSVG(\'mySVGp1\')\n\n// create a placeholder HTML element on the page with corresponding #id\n// for example ... <div id="mySVGp1"> <div>\n// ... then to animate the rectangle in that instance of the SVG do ..\nfirstFabSVGonthepage.rect1animate();\n\n```\n\n## Installation\n\n\nThis is a [Node.js](https://nodejs.org/en/) module available through the\n[npm registry](https://www.npmjs.com/).\n\nBefore installing, [download and install Node.js](https://nodejs.org/en/download/).\nNode.js 0.10 or higher is required.\n\nInstallation is done using the\n[`npm install` command](https://docs.npmjs.com/getting-started/installing-npm-packages-locally):\n\n```bash\n$ npm install my-fab-svg\n```\n\nFollow [our installing guide](http://expressjs.com/en/starter/installing.html)\nfor more information.\n\n## Features\n\n  * create multiple instances on the page\n  * animate each instance independently\n\n## Docs & Community\n\n  * \n\n\n### Security Issues\n\nIf you discover a security vulnerability in Express, please see [Security Policies and Procedures](Security.md).\n\n## Quick Start\n\nIn order to use the animated SVG module the devp will use it by putting an HTML element on the page with a unique #ID. The devp will then require the svg animation module, passing it the #ID, and the module will return a namespace object which is specific to that instance of the SVG on the page, and which exposes the methods for animating the SVG, and which is assigned to a JS vairable \n\n... for example if we have an SVG animation module called \'myFabSVG\' ... which provides an animation method called \'rect1animate()\' ... and we install the module using npm so that it is accessible to our js main script in the dev env ... and we create a place holder HTML element on our page ...\n    <div id="mySVGp1"> <div> \n... and we then require the svg animation module in as follows ...\n    var theFabSVG = require(\'my-fab-svg\');\n    var firstFabSVGonthepage = theFabSVG(\'mySVGp1\');\n... then to animate the rectangle in that instance of the SVG we do ..\n    firstFabSVGonthepage.rect1animate();\n\n\n```bash\n$ npm install my-fab-svg\n```\n\n\n\n\n',
23 silly publish   readmeFilename: 'Readme.md',
23 silly publish   gitHead: '42564e6dc03f4bd9871ad1de9916baa26f935d56',
23 silly publish   bugs: { url: 'https://github.com/TheDunney/my-fab-svg/issues' },
23 silly publish   homepage: 'https://github.com/TheDunney/my-fab-svg#readme',
23 silly publish   _id: 'my-fab-svg@0.1.4',
23 silly publish   _shasum: 'a61b8243893fec32c410cf9fb7c57ea810428737',
23 silly publish   _from: '.' }
24 info lifecycle my-fab-svg@0.1.4~prepublishOnly: my-fab-svg@0.1.4
25 silly lifecycle my-fab-svg@0.1.4~prepublishOnly: no script for prepublishOnly, continuing
26 verbose getPublishConfig undefined
27 silly mapToRegistry name my-fab-svg
28 silly mapToRegistry using default registry
29 silly mapToRegistry registry https://registry.npmjs.org/
30 silly mapToRegistry data Result {
30 silly mapToRegistry   raw: 'my-fab-svg',
30 silly mapToRegistry   scope: null,
30 silly mapToRegistry   escapedName: 'my-fab-svg',
30 silly mapToRegistry   name: 'my-fab-svg',
30 silly mapToRegistry   rawSpec: '',
30 silly mapToRegistry   spec: 'latest',
30 silly mapToRegistry   type: 'tag' }
31 silly mapToRegistry uri https://registry.npmjs.org/my-fab-svg
32 verbose publish registryBase https://registry.npmjs.org/
33 silly publish uploading /Users/joe/.npm/my-fab-svg/0.1.4/package.tgz
34 verbose request uri https://registry.npmjs.org/my-fab-svg
35 verbose request sending authorization for write operation
36 info attempt registry request try #1 at 4:39:59 PM
37 verbose request using bearer token for auth
38 verbose request id 10e56bef0bd57916
39 http request PUT https://registry.npmjs.org/my-fab-svg
40 http 403 https://registry.npmjs.org/my-fab-svg
41 verbose headers { date: 'Wed, 12 Sep 2018 15:40:01 GMT',
41 verbose headers   'content-type': 'application/json',
41 verbose headers   'transfer-encoding': 'chunked',
41 verbose headers   connection: 'keep-alive',
41 verbose headers   'set-cookie': [ '__cfduid=ddb24a4d008bef5107bbb061d8abfa2041536766800; expires=Thu, 12-Sep-19 15:40:00 GMT; path=/; domain=.registry.npmjs.org; HttpOnly' ],
41 verbose headers   'cf-ray': '45937855add6a671-DUB',
41 verbose headers   'expect-ct': 'max-age=604800, report-uri="https://report-uri.cloudflare.com/cdn-cgi/beacon/expect-ct"',
41 verbose headers   vary: 'Accept-Encoding',
41 verbose headers   server: 'cloudflare',
41 verbose headers   'content-encoding': 'gzip' }
42 verbose request invalidating /Users/joe/.npm/registry.npmjs.org/my-fab-svg on PUT
43 error publish Failed PUT 403
44 verbose stack Error: You cannot publish over the previously published versions: 0.1.4. : my-fab-svg
44 verbose stack     at makeError (/usr/local/lib/node_modules/npm/node_modules/npm-registry-client/lib/request.js:304:12)
44 verbose stack     at CachingRegistryClient.<anonymous> (/usr/local/lib/node_modules/npm/node_modules/npm-registry-client/lib/request.js:292:14)
44 verbose stack     at /usr/local/lib/node_modules/npm/node_modules/npm-registry-client/lib/request.js:218:7
44 verbose stack     at Gunzip.onEnd (zlib.js:213:5)
44 verbose stack     at emitNone (events.js:91:20)
44 verbose stack     at Gunzip.emit (events.js:185:7)
44 verbose stack     at endReadableNT (_stream_readable.js:974:12)
44 verbose stack     at _combinedTickCallback (internal/process/next_tick.js:74:11)
44 verbose stack     at process._tickCallback (internal/process/next_tick.js:98:9)
45 verbose statusCode 403
46 verbose pkgid my-fab-svg
47 verbose cwd /InforMediaProjects/InforMedia Help Notes, References and Learning/Web dev. - Dev UI Graphics Animation (CSS, SVG and Canvas)/JD_notes - web animations - svg animation examples/JD_eg07 SVG animated using js GSAP (e) multiinstance webpack npm module/npm module dev
48 error Darwin 14.5.0
49 error argv "/usr/local/bin/node" "/usr/local/bin/npm" "publish"
50 error node v7.4.0
51 error npm  v4.1.2
52 error code E403
53 error You cannot publish over the previously published versions: 0.1.4. : my-fab-svg
54 error If you need help, you may report this error at:
54 error     <https://github.com/npm/npm/issues>
55 verbose exit [ 1, true ]
